Name:               kind-control-plane
Roles:              control-plane
Labels:             beta.kubernetes.io/arch=amd64
                    beta.kubernetes.io/os=linux
                    kubernetes.io/arch=amd64
                    kubernetes.io/hostname=kind-control-plane
                    kubernetes.io/os=linux
                    node-role.kubernetes.io/control-plane=
                    node.kubernetes.io/exclude-from-external-load-balancers=
Annotations:        kubeadm.alpha.kubernetes.io/cri-socket: unix:///run/containerd/containerd.sock
                    node.alpha.kubernetes.io/ttl: 0
                    volumes.kubernetes.io/controller-managed-attach-detach: true
CreationTimestamp:  Sat, 01 Jul 2023 19:28:44 -0500
Taints:             node-role.kubernetes.io/control-plane:NoSchedule
                    node-role.kubernetes.io/master:NoSchedule
Unschedulable:      false
Lease:
  HolderIdentity:  kind-control-plane
  AcquireTime:     <unset>
  RenewTime:       Sat, 01 Jul 2023 20:05:40 -0500
Conditions:
  Type             Status  LastHeartbeatTime                 LastTransitionTime                Reason                       Message
  ----             ------  -----------------                 ------------------                ------                       -------
  MemoryPressure   False   Sat, 01 Jul 2023 20:05:20 -0500   Sat, 01 Jul 2023 19:28:40 -0500   KubeletHasSufficientMemory   kubelet has sufficient memory available
  DiskPressure     False   Sat, 01 Jul 2023 20:05:20 -0500   Sat, 01 Jul 2023 19:28:40 -0500   KubeletHasNoDiskPressure     kubelet has no disk pressure
  PIDPressure      False   Sat, 01 Jul 2023 20:05:20 -0500   Sat, 01 Jul 2023 19:28:40 -0500   KubeletHasSufficientPID      kubelet has sufficient PID available
  Ready            True    Sat, 01 Jul 2023 20:05:20 -0500   Sat, 01 Jul 2023 19:29:32 -0500   KubeletReady                 kubelet is posting ready status
Addresses:
  InternalIP:  172.18.0.7
  Hostname:    kind-control-plane
Capacity:
  cpu:                24
  ephemeral-storage:  952421964Ki
  hugepages-1Gi:      0
  hugepages-2Mi:      0
  memory:             65910332Ki
  pods:               110
Allocatable:
  cpu:                24
  ephemeral-storage:  952421964Ki
  hugepages-1Gi:      0
  hugepages-2Mi:      0
  memory:             65910332Ki
  pods:               110
System Info:
  Machine ID:                 506d4326be004801bc8567b144be40c4
  System UUID:                6a65ae88-07f1-4574-a0f7-c311dbfb3cab
  Boot ID:                    26234a95-c530-43db-8dcd-6b11fba62d8c
  Kernel Version:             5.4.0-150-generic
  OS Image:                   Ubuntu 22.04.1 LTS
  Operating System:           linux
  Architecture:               amd64
  Container Runtime Version:  containerd://1.6.9
  Kubelet Version:            v1.24.7
  Kube-Proxy Version:         v1.24.7
PodCIDR:                      10.244.0.0/24
PodCIDRs:                     10.244.0.0/24
ProviderID:                   kind://docker/kind/kind-control-plane
Non-terminated Pods:          (9 in total)
  Namespace                   Name                                          CPU Requests  CPU Limits  Memory Requests  Memory Limits  Age
  ---------                   ----                                          ------------  ----------  ---------------  -------------  ---
  kube-system                 coredns-6d4b75cb6d-k7wf7                      100m (0%)     0 (0%)      70Mi (0%)        170Mi (0%)     36m
  kube-system                 coredns-6d4b75cb6d-p9w5x                      100m (0%)     0 (0%)      70Mi (0%)        170Mi (0%)     36m
  kube-system                 etcd-kind-control-plane                       100m (0%)     0 (0%)      100Mi (0%)       0 (0%)         36m
  kube-system                 kindnet-ln8cv                                 100m (0%)     100m (0%)   50Mi (0%)        50Mi (0%)      36m
  kube-system                 kube-apiserver-kind-control-plane             250m (1%)     0 (0%)      0 (0%)           0 (0%)         36m
  kube-system                 kube-controller-manager-kind-control-plane    200m (0%)     0 (0%)      0 (0%)           0 (0%)         36m
  kube-system                 kube-proxy-mf79k                              0 (0%)        0 (0%)      0 (0%)           0 (0%)         36m
  kube-system                 kube-scheduler-kind-control-plane             100m (0%)     0 (0%)      0 (0%)           0 (0%)         36m
  local-path-storage          local-path-provisioner-6b84c5c67f-n6lnb       0 (0%)        0 (0%)      0 (0%)           0 (0%)         36m
Allocated resources:
  (Total limits may be over 100 percent, i.e., overcommitted.)
  Resource           Requests    Limits
  --------           --------    ------
  cpu                950m (3%)   100m (0%)
  memory             290Mi (0%)  390Mi (0%)
  ephemeral-storage  0 (0%)      0 (0%)
  hugepages-1Gi      0 (0%)      0 (0%)
  hugepages-2Mi      0 (0%)      0 (0%)
Events:
  Type    Reason                   Age                From             Message
  ----    ------                   ----               ----             -------
  Normal  Starting                 36m                kube-proxy       
  Normal  NodeHasSufficientMemory  37m (x8 over 37m)  kubelet          Node kind-control-plane status is now: NodeHasSufficientMemory
  Normal  NodeHasNoDiskPressure    37m (x8 over 37m)  kubelet          Node kind-control-plane status is now: NodeHasNoDiskPressure
  Normal  NodeHasSufficientPID     37m (x7 over 37m)  kubelet          Node kind-control-plane status is now: NodeHasSufficientPID
  Normal  Starting                 36m                kubelet          Starting kubelet.
  Normal  NodeHasSufficientMemory  36m                kubelet          Node kind-control-plane status is now: NodeHasSufficientMemory
  Normal  NodeHasNoDiskPressure    36m                kubelet          Node kind-control-plane status is now: NodeHasNoDiskPressure
  Normal  NodeHasSufficientPID     36m                kubelet          Node kind-control-plane status is now: NodeHasSufficientPID
  Normal  NodeAllocatableEnforced  36m                kubelet          Updated Node Allocatable limit across pods
  Normal  RegisteredNode           36m                node-controller  Node kind-control-plane event: Registered Node kind-control-plane in Controller
  Normal  NodeReady                36m                kubelet          Node kind-control-plane status is now: NodeReady


Name:               kind-worker
Roles:              <none>
Labels:             beta.kubernetes.io/arch=amd64
                    beta.kubernetes.io/os=linux
                    kubernetes.io/arch=amd64
                    kubernetes.io/hostname=kind-worker
                    kubernetes.io/os=linux
                    node=1
                    zone=A
Annotations:        kubeadm.alpha.kubernetes.io/cri-socket: unix:///run/containerd/containerd.sock
                    node.alpha.kubernetes.io/ttl: 0
                    volumes.kubernetes.io/controller-managed-attach-detach: true
CreationTimestamp:  Sat, 01 Jul 2023 19:29:25 -0500
Taints:             <none>
Unschedulable:      false
Lease:
  HolderIdentity:  kind-worker
  AcquireTime:     <unset>
  RenewTime:       Sat, 01 Jul 2023 20:05:40 -0500
Conditions:
  Type             Status  LastHeartbeatTime                 LastTransitionTime                Reason                       Message
  ----             ------  -----------------                 ------------------                ------                       -------
  MemoryPressure   False   Sat, 01 Jul 2023 20:02:47 -0500   Sat, 01 Jul 2023 19:29:25 -0500   KubeletHasSufficientMemory   kubelet has sufficient memory available
  DiskPressure     False   Sat, 01 Jul 2023 20:02:47 -0500   Sat, 01 Jul 2023 19:29:25 -0500   KubeletHasNoDiskPressure     kubelet has no disk pressure
  PIDPressure      False   Sat, 01 Jul 2023 20:02:47 -0500   Sat, 01 Jul 2023 19:29:25 -0500   KubeletHasSufficientPID      kubelet has sufficient PID available
  Ready            True    Sat, 01 Jul 2023 20:02:47 -0500   Sat, 01 Jul 2023 19:29:56 -0500   KubeletReady                 kubelet is posting ready status
Addresses:
  InternalIP:  172.18.0.8
  Hostname:    kind-worker
Capacity:
  cpu:                24
  ephemeral-storage:  952421964Ki
  hugepages-1Gi:      0
  hugepages-2Mi:      0
  memory:             65910332Ki
  pods:               110
Allocatable:
  cpu:                24
  ephemeral-storage:  952421964Ki
  hugepages-1Gi:      0
  hugepages-2Mi:      0
  memory:             65910332Ki
  pods:               110
System Info:
  Machine ID:                 5585454dd23b4fd2a0d0075b118f9a9b
  System UUID:                25e5289d-ee5f-49ee-a4be-7edda2e462b5
  Boot ID:                    26234a95-c530-43db-8dcd-6b11fba62d8c
  Kernel Version:             5.4.0-150-generic
  OS Image:                   Ubuntu 22.04.1 LTS
  Operating System:           linux
  Architecture:               amd64
  Container Runtime Version:  containerd://1.6.9
  Kubelet Version:            v1.24.7
  Kube-Proxy Version:         v1.24.7
PodCIDR:                      10.244.2.0/24
PodCIDRs:                     10.244.2.0/24
ProviderID:                   kind://docker/kind/kind-worker
Non-terminated Pods:          (4 in total)
  Namespace                   Name                      CPU Requests  CPU Limits  Memory Requests  Memory Limits  Age
  ---------                   ----                      ------------  ----------  ---------------  -------------  ---
  default                     h1-app-bb599cf94-mbxvm    100m (0%)     100m (0%)   0 (0%)           0 (0%)         62s
  default                     h1-app-bb599cf94-wh4lt    100m (0%)     100m (0%)   0 (0%)           0 (0%)         17s
  kube-system                 kindnet-p98sg             100m (0%)     100m (0%)   50Mi (0%)        50Mi (0%)      36m
  kube-system                 kube-proxy-cxdvs          0 (0%)        0 (0%)      0 (0%)           0 (0%)         36m
Allocated resources:
  (Total limits may be over 100 percent, i.e., overcommitted.)
  Resource           Requests   Limits
  --------           --------   ------
  cpu                300m (1%)  300m (1%)
  memory             50Mi (0%)  50Mi (0%)
  ephemeral-storage  0 (0%)     0 (0%)
  hugepages-1Gi      0 (0%)     0 (0%)
  hugepages-2Mi      0 (0%)     0 (0%)
Events:
  Type    Reason                   Age                From             Message
  ----    ------                   ----               ----             -------
  Normal  Starting                 36m                kube-proxy       
  Normal  NodeHasSufficientMemory  36m (x8 over 36m)  kubelet          Node kind-worker status is now: NodeHasSufficientMemory
  Normal  NodeHasNoDiskPressure    36m (x8 over 36m)  kubelet          Node kind-worker status is now: NodeHasNoDiskPressure
  Normal  RegisteredNode           36m                node-controller  Node kind-worker event: Registered Node kind-worker in Controller


Name:               kind-worker2
Roles:              <none>
Labels:             beta.kubernetes.io/arch=amd64
                    beta.kubernetes.io/os=linux
                    kubernetes.io/arch=amd64
                    kubernetes.io/hostname=kind-worker2
                    kubernetes.io/os=linux
                    node=2
                    zone=A
Annotations:        kubeadm.alpha.kubernetes.io/cri-socket: unix:///run/containerd/containerd.sock
                    node.alpha.kubernetes.io/ttl: 0
                    volumes.kubernetes.io/controller-managed-attach-detach: true
CreationTimestamp:  Sat, 01 Jul 2023 19:29:13 -0500
Taints:             <none>
Unschedulable:      false
Lease:
  HolderIdentity:  kind-worker2
  AcquireTime:     <unset>
  RenewTime:       Sat, 01 Jul 2023 20:05:38 -0500
Conditions:
  Type             Status  LastHeartbeatTime                 LastTransitionTime                Reason                       Message
  ----             ------  -----------------                 ------------------                ------                       -------
  MemoryPressure   False   Sat, 01 Jul 2023 20:03:26 -0500   Sat, 01 Jul 2023 19:29:13 -0500   KubeletHasSufficientMemory   kubelet has sufficient memory available
  DiskPressure     False   Sat, 01 Jul 2023 20:03:26 -0500   Sat, 01 Jul 2023 19:29:13 -0500   KubeletHasNoDiskPressure     kubelet has no disk pressure
  PIDPressure      False   Sat, 01 Jul 2023 20:03:26 -0500   Sat, 01 Jul 2023 19:29:13 -0500   KubeletHasSufficientPID      kubelet has sufficient PID available
  Ready            True    Sat, 01 Jul 2023 20:03:26 -0500   Sat, 01 Jul 2023 19:29:33 -0500   KubeletReady                 kubelet is posting ready status
Addresses:
  InternalIP:  172.18.0.6
  Hostname:    kind-worker2
Capacity:
  cpu:                24
  ephemeral-storage:  952421964Ki
  hugepages-1Gi:      0
  hugepages-2Mi:      0
  memory:             65910332Ki
  pods:               110
Allocatable:
  cpu:                24
  ephemeral-storage:  952421964Ki
  hugepages-1Gi:      0
  hugepages-2Mi:      0
  memory:             65910332Ki
  pods:               110
System Info:
  Machine ID:                 6d5d8e0a2c5248d79e2c49ee181395f3
  System UUID:                7aff9814-3a51-4e8f-b3a8-0bca552fd0c9
  Boot ID:                    26234a95-c530-43db-8dcd-6b11fba62d8c
  Kernel Version:             5.4.0-150-generic
  OS Image:                   Ubuntu 22.04.1 LTS
  Operating System:           linux
  Architecture:               amd64
  Container Runtime Version:  containerd://1.6.9
  Kubelet Version:            v1.24.7
  Kube-Proxy Version:         v1.24.7
PodCIDR:                      10.244.1.0/24
PodCIDRs:                     10.244.1.0/24
ProviderID:                   kind://docker/kind/kind-worker2
Non-terminated Pods:          (4 in total)
  Namespace                   Name                               CPU Requests  CPU Limits  Memory Requests  Memory Limits  Age
  ---------                   ----                               ------------  ----------  ---------------  -------------  ---
  default                     h1-app-bb599cf94-2k45z             100m (0%)     100m (0%)   0 (0%)           0 (0%)         112s
  kube-system                 kindnet-vsc2j                      100m (0%)     100m (0%)   50Mi (0%)        50Mi (0%)      36m
  kube-system                 kube-proxy-pw4xk                   0 (0%)        0 (0%)      0 (0%)           0 (0%)         36m
  kube-system                 metrics-server-7d9cd46d96-wp6zq    100m (0%)     0 (0%)      200Mi (0%)       0 (0%)         7m41s
Allocated resources:
  (Total limits may be over 100 percent, i.e., overcommitted.)
  Resource           Requests    Limits
  --------           --------    ------
  cpu                300m (1%)   200m (0%)
  memory             250Mi (0%)  50Mi (0%)
  ephemeral-storage  0 (0%)      0 (0%)
  hugepages-1Gi      0 (0%)      0 (0%)
  hugepages-2Mi      0 (0%)      0 (0%)
Events:
  Type    Reason                   Age                From             Message
  ----    ------                   ----               ----             -------
  Normal  Starting                 36m                kube-proxy       
  Normal  Starting                 36m                kubelet          Starting kubelet.
  Normal  NodeHasSufficientMemory  36m (x2 over 36m)  kubelet          Node kind-worker2 status is now: NodeHasSufficientMemory
  Normal  NodeHasNoDiskPressure    36m (x2 over 36m)  kubelet          Node kind-worker2 status is now: NodeHasNoDiskPressure
  Normal  NodeHasSufficientPID     36m (x2 over 36m)  kubelet          Node kind-worker2 status is now: NodeHasSufficientPID
  Normal  NodeAllocatableEnforced  36m                kubelet          Updated Node Allocatable limit across pods
  Normal  RegisteredNode           36m                node-controller  Node kind-worker2 event: Registered Node kind-worker2 in Controller
  Normal  NodeReady                36m                kubelet          Node kind-worker2 status is now: NodeReady


Name:               kind-worker3
Roles:              <none>
Labels:             beta.kubernetes.io/arch=amd64
                    beta.kubernetes.io/os=linux
                    kubernetes.io/arch=amd64
                    kubernetes.io/hostname=kind-worker3
                    kubernetes.io/os=linux
                    node=3
                    zone=B
Annotations:        kubeadm.alpha.kubernetes.io/cri-socket: unix:///run/containerd/containerd.sock
                    node.alpha.kubernetes.io/ttl: 0
                    volumes.kubernetes.io/controller-managed-attach-detach: true
CreationTimestamp:  Sat, 01 Jul 2023 19:29:26 -0500
Taints:             <none>
Unschedulable:      false
Lease:
  HolderIdentity:  kind-worker3
  AcquireTime:     <unset>
  RenewTime:       Sat, 01 Jul 2023 20:05:36 -0500
Conditions:
  Type             Status  LastHeartbeatTime                 LastTransitionTime                Reason                       Message
  ----             ------  -----------------                 ------------------                ------                       -------
  MemoryPressure   False   Sat, 01 Jul 2023 20:01:56 -0500   Sat, 01 Jul 2023 19:29:26 -0500   KubeletHasSufficientMemory   kubelet has sufficient memory available
  DiskPressure     False   Sat, 01 Jul 2023 20:01:56 -0500   Sat, 01 Jul 2023 19:29:26 -0500   KubeletHasNoDiskPressure     kubelet has no disk pressure
  PIDPressure      False   Sat, 01 Jul 2023 20:01:56 -0500   Sat, 01 Jul 2023 19:29:26 -0500   KubeletHasSufficientPID      kubelet has sufficient PID available
  Ready            True    Sat, 01 Jul 2023 20:01:56 -0500   Sat, 01 Jul 2023 19:30:07 -0500   KubeletReady                 kubelet is posting ready status
Addresses:
  InternalIP:  172.18.0.9
  Hostname:    kind-worker3
Capacity:
  cpu:                24
  ephemeral-storage:  952421964Ki
  hugepages-1Gi:      0
  hugepages-2Mi:      0
  memory:             65910332Ki
  pods:               110
Allocatable:
  cpu:                24
  ephemeral-storage:  952421964Ki
  hugepages-1Gi:      0
  hugepages-2Mi:      0
  memory:             65910332Ki
  pods:               110
System Info:
  Machine ID:                 4acfe085b312451c963c3ee1d7654a0b
  System UUID:                563da4a9-c3a2-4125-8c56-7e34b65aace3
  Boot ID:                    26234a95-c530-43db-8dcd-6b11fba62d8c
  Kernel Version:             5.4.0-150-generic
  OS Image:                   Ubuntu 22.04.1 LTS
  Operating System:           linux
  Architecture:               amd64
  Container Runtime Version:  containerd://1.6.9
  Kubelet Version:            v1.24.7
  Kube-Proxy Version:         v1.24.7
PodCIDR:                      10.244.3.0/24
PodCIDRs:                     10.244.3.0/24
ProviderID:                   kind://docker/kind/kind-worker3
Non-terminated Pods:          (4 in total)
  Namespace                   Name                      CPU Requests  CPU Limits  Memory Requests  Memory Limits  Age
  ---------                   ----                      ------------  ----------  ---------------  -------------  ---
  default                     h1-app-bb599cf94-n8mld    100m (0%)     100m (0%)   0 (0%)           0 (0%)         17s
  default                     h1-app-bb599cf94-zkrq7    100m (0%)     100m (0%)   0 (0%)           0 (0%)         62s
  kube-system                 kindnet-82pbs             100m (0%)     100m (0%)   50Mi (0%)        50Mi (0%)      36m
  kube-system                 kube-proxy-gt4wh          0 (0%)        0 (0%)      0 (0%)           0 (0%)         36m
Allocated resources:
  (Total limits may be over 100 percent, i.e., overcommitted.)
  Resource           Requests   Limits
  --------           --------   ------
  cpu                300m (1%)  300m (1%)
  memory             50Mi (0%)  50Mi (0%)
  ephemeral-storage  0 (0%)     0 (0%)
  hugepages-1Gi      0 (0%)     0 (0%)
  hugepages-2Mi      0 (0%)     0 (0%)
Events:
  Type    Reason                   Age                From             Message
  ----    ------                   ----               ----             -------
  Normal  Starting                 35m                kube-proxy       
  Normal  NodeHasSufficientMemory  36m (x8 over 36m)  kubelet          Node kind-worker3 status is now: NodeHasSufficientMemory
  Normal  NodeHasNoDiskPressure    36m (x8 over 36m)  kubelet          Node kind-worker3 status is now: NodeHasNoDiskPressure
  Normal  RegisteredNode           36m                node-controller  Node kind-worker3 event: Registered Node kind-worker3 in Controller